#
# A fatal error has been detected by the Java Runtime Environment:
#
#  SIGSEGV (0xb) at pc=0x00007f2b5e005020, pid=7557, tid=0x00007f2bb4a62700
#
# JRE version: OpenJDK Runtime Environment (8.0_171-b11) (build 1.8.0_171-8u171-b11-1~deb9u1-b11)
# Java VM: OpenJDK 64-Bit Server VM (25.171-b11 mixed mode linux-amd64 compressed oops)
# Problematic frame:
# C  0x00007f2b5e005020
#
# Failed to write core dump. Core dumps have been disabled. To enable core dumping, try "ulimit -c unlimited" before starting Java again
#
# If you would like to submit a bug report, please visit:
#   http://bugreport.java.com/bugreport/crash.jsp
#

---------------  T H R E A D  ---------------

Current thread (0x00007f2bac00a800):  JavaThread "main" [_thread_in_Java, id=7558, stack(0x00007f2bb4962000,0x00007f2bb4a63000)]

siginfo: si_signo: 11 (SIGSEGV), si_code: 1 (SEGV_MAPERR), si_addr: 0x00007f2b5e005020

Registers:
RAX=0x00000000d67b9d88, RBX=0x0000000000000009, RCX=0x0000000000000009, RDX=0x00000000d67b9d38
RSP=0x00007f2bb4a60a28, RBP=0x00007f2bb4a60ae8, RSI=0x00000000d67b9d88, RDI=0x00000000d67b9da0
R8 =0x0000000000000009, R9 =0x00000000d67b9d38, R10=0x00007f2bb3c6a920, R11=0x0000000000000009
R12=0x0000000000000000, R13=0x00007f2bb4a60a98, R14=0x00007f2bb4a60b30, R15=0x00007f2bac00a800
RIP=0x00007f2b5e005020, EFLAGS=0x0000000000010202, CSGSFS=0x002b000000000033, ERR=0x0000000000000014
  TRAPNO=0x000000000000000e

Top of Stack: (sp=0x00007f2bb4a60a28)
0x00007f2bb4a60a28:   00007f2b9d15ad24 00000000d6742948
0x00007f2bb4a60a38:   00007f2bb4a60a38 00007f2b9cc21c3a
0x00007f2bb4a60a48:   00007f2bb4a60aa0 00007f2b9cc29a60
0x00007f2bb4a60a58:   00007f2b9cf13da0 00000000d67b9d88
0x00007f2bb4a60a68:   0000000000000000 00007f2bb4a60ae8
0x00007f2bb4a60a78:   00007f2b9d007a40 00007f2bb4a60ae8
0x00007f2bb4a60a88:   00007f2b9d007d80 00007f2b9d007d80
0x00007f2bb4a60a98:   0000000000000009 00000000d67b9d70
0x00007f2bb4a60aa8:   00007f2bb4a60aa8 00007f2b9ccbb7a1
0x00007f2bb4a60ab8:   00007f2bb4a60b30 00007f2b9ccc73c0
0x00007f2bb4a60ac8:   0000000000000000 00007f2b9ccbb7e8
0x00007f2bb4a60ad8:   00007f2bb4a60a98 00007f2bb4a60b18
0x00007f2bb4a60ae8:   00007f2bb4a60b78 00007f2b9d007ffd
0x00007f2bb4a60af8:   00000000d67b9458 00000000d67b9d70
0x00007f2bb4a60b08:   00000000d6742948 00000000d6745500
0x00007f2bb4a60b18:   00000000d67252f0 00000000832708b8
0x00007f2bb4a60b28:   00000000d668de70 000000008352e190
0x00007f2bb4a60b38:   00007f2bb4a60b38 00007f2b9ccbb3d1
0x00007f2bb4a60b48:   00007f2bb4a60be8 00007f2b9ccc73c0
0x00007f2bb4a60b58:   0000000000000000 00007f2b9ccbb638
0x00007f2bb4a60b68:   00007f2bb4a60b18 00007f2bb4a60be0
0x00007f2bb4a60b78:   00007f2bb4a60c30 00007f2b9d007ffd
0x00007f2bb4a60b88:   0000000000000000 0000000000000000
0x00007f2bb4a60b98:   0000000000000000 0000000000000000
0x00007f2bb4a60ba8:   0000000000000000 0000000000000000
0x00007f2bb4a60bb8:   0000000000000000 0000000000000000
0x00007f2bb4a60bc8:   0000000000000000 00000000d6691d40
0x00007f2bb4a60bd8:   00000000d6691d08 00000000d668de70
0x00007f2bb4a60be8:   000000008352e190 00007f2bb4a60bf0
0x00007f2bb4a60bf8:   00007f2b9ccba300 00007f2bb4a60c58
0x00007f2bb4a60c08:   00007f2b9ccc73c0 0000000000000000
0x00007f2bb4a60c18:   00007f2b9ccba360 00007f2bb4a60be0 

Instructions: (pc=0x00007f2b5e005020)
0x00007f2b5e005000:   
[error occurred during error reporting (printing registers, top of stack, instructions near pc), id 0xb]

Register to memory mapping:

RAX=0x00000000d67b9d88 is an oop
java.lang.String 
 - klass: 'java/lang/String'
RBX=0x0000000000000009 is an unknown value
RCX=0x0000000000000009 is an unknown value
RDX=0x00000000d67b9d38 is an oop
[C 
 - klass: {type array char}
 - length: 18
RSP=0x00007f2bb4a60a28 is pointing into the stack for thread: 0x00007f2bac00a800
RBP=0x00007f2bb4a60ae8 is pointing into the stack for thread: 0x00007f2bac00a800
RSI=0x00000000d67b9d88 is an oop
java.lang.String 
 - klass: 'java/lang/String'
RDI=0x00000000d67b9da0 is an oop

[error occurred during error reporting (printing register info), id 0xb]

Stack: [0x00007f2bb4962000,0x00007f2bb4a63000],  sp=0x00007f2bb4a60a28,  free space=1018k
Native frames: (J=compiled Java code, j=interpreted, Vv=VM code, C=native code)
C  0x00007f2b5e005020
j  com.sun.tools.javac.jvm.ClassReader.fillIn(Lcom/sun/tools/javac/code/Symbol$PackageSymbol;)V+57
j  com.sun.tools.javac.jvm.ClassReader.complete(Lcom/sun/tools/javac/code/Symbol;)V+88
j  com.sun.tools.javac.jvm.ClassReader.access$000(Lcom/sun/tools/javac/jvm/ClassReader;Lcom/sun/tools/javac/code/Symbol;)V+2
j  com.sun.tools.javac.jvm.ClassReader$1.complete(Lcom/sun/tools/javac/code/Symbol;)V+5
j  com.sun.tools.javac.code.Symbol.complete()V+19
j  com.sun.tools.javac.code.Symbol$PackageSymbol.flags()J+8
j  com.sun.tools.javac.comp.Attr.visitSelect(Lcom/sun/tools/javac/tree/JCTree$JCFieldAccess;)V+1019
j  com.sun.tools.javac.tree.JCTree$JCFieldAccess.accept(Lcom/sun/tools/javac/tree/JCTree$Visitor;)V+2
j  com.sun.tools.javac.comp.Attr.attribTree(Lcom/sun/tools/javac/tree/JCTree;Lcom/sun/tools/javac/comp/Env;Lcom/sun/tools/javac/comp/Attr$ResultInfo;)Lcom/sun/tools/javac/code/Type;+24
j  com.sun.tools.javac.comp.Attr.attribImportQualifier(Lcom/sun/tools/javac/tree/JCTree$JCImport;Lcom/sun/tools/javac/comp/Env;)Lcom/sun/tools/javac/code/Type;+37
j  com.sun.tools.javac.comp.MemberEnter.visitImport(Lcom/sun/tools/javac/tree/JCTree$JCImport;)V+30
j  com.sun.tools.javac.tree.JCTree$JCImport.accept(Lcom/sun/tools/javac/tree/JCTree$Visitor;)V+2
j  com.sun.tools.javac.comp.MemberEnter.memberEnter(Lcom/sun/tools/javac/tree/JCTree;Lcom/sun/tools/javac/comp/Env;)V+12
j  com.sun.tools.javac.comp.MemberEnter.memberEnter(Lcom/sun/tools/javac/util/List;Lcom/sun/tools/javac/comp/Env;)V+18
j  com.sun.tools.javac.comp.MemberEnter.visitTopLevel(Lcom/sun/tools/javac/tree/JCTree$JCCompilationUnit;)V+164
j  com.sun.tools.javac.tree.JCTree$JCCompilationUnit.accept(Lcom/sun/tools/javac/tree/JCTree$Visitor;)V+2
j  com.sun.tools.javac.comp.MemberEnter.memberEnter(Lcom/sun/tools/javac/tree/JCTree;Lcom/sun/tools/javac/comp/Env;)V+12
j  com.sun.tools.javac.comp.MemberEnter.complete(Lcom/sun/tools/javac/code/Symbol;)V+163
j  com.sun.tools.javac.code.Symbol.complete()V+19
j  com.sun.tools.javac.code.Symbol$ClassSymbol.complete()V+1
j  com.sun.tools.javac.comp.Enter.complete(Lcom/sun/tools/javac/util/List;Lcom/sun/tools/javac/code/Symbol$ClassSymbol;)V+88
j  com.sun.tools.javac.comp.Enter.main(Lcom/sun/tools/javac/util/List;)V+3
j  com.sun.tools.javac.main.JavaCompiler.enterTrees(Lcom/sun/tools/javac/util/List;)Lcom/sun/tools/javac/util/List;+64
j  com.sun.tools.javac.main.JavaCompiler.compile(Lcom/sun/tools/javac/util/List;Lcom/sun/tools/javac/util/List;Ljava/lang/Iterable;)V+151
j  com.sun.tools.javac.main.Main.compile([Ljava/lang/String;[Ljava/lang/String;Lcom/sun/tools/javac/util/Context;Lcom/sun/tools/javac/util/List;Ljava/lang/Iterable;)Lcom/sun/tools/javac/main/Main$Result;+1299
j  com.sun.tools.javac.main.Main.compile([Ljava/lang/String;Lcom/sun/tools/javac/util/Context;Lcom/sun/tools/javac/util/List;Ljava/lang/Iterable;)Lcom/sun/tools/javac/main/Main$Result;+7
j  com.sun.tools.javac.main.Main.compile([Ljava/lang/String;Lcom/sun/tools/javac/util/Context;)Lcom/sun/tools/javac/main/Main$Result;+7
j  com.sun.tools.javac.main.Main.compile([Ljava/lang/String;)Lcom/sun/tools/javac/main/Main$Result;+15
j  com.sun.tools.javac.Main.compile([Ljava/lang/String;)I+12
j  com.sun.tools.javac.Main.main([Ljava/lang/String;)V+1
v  ~StubRoutines::call_stub
V  [libjvm.so+0x665d13]
V  [libjvm.so+0x686437]
V  [libjvm.so+0x688b56]
C  [libjli.so+0x3541]
C  [libjli.so+0x74fd]
C  [libpthread.so.0+0x7494]  start_thread+0xc4


---------------  P R O C E S S  ---------------

Java Threads: ( => current thread )
  0x00007f2bac0ba000 JavaThread "Service Thread" daemon [_thread_blocked, id=7567, stack(0x00007f2b8f75e000,0x00007f2b8f85f000)]
  0x00007f2bac0b7000 JavaThread "C1 CompilerThread1" daemon [_thread_blocked, id=7566, stack(0x00007f2b8f85f000,0x00007f2b8f960000)]
  0x00007f2bac0b4800 JavaThread "C2 CompilerThread0" daemon [_thread_in_native, id=7565, stack(0x00007f2b8f960000,0x00007f2b8fa61000)]
  0x00007f2bac0b2800 JavaThread "Signal Dispatcher" daemon [_thread_blocked, id=7564, stack(0x00007f2b8fa61000,0x00007f2b8fb62000)]
  0x00007f2bac080000 JavaThread "Finalizer" daemon [_thread_blocked, id=7563, stack(0x00007f2b8fcfd000,0x00007f2b8fdfe000)]
  0x00007f2bac07b800 JavaThread "Reference Handler" daemon [_thread_blocked, id=7562, stack(0x00007f2b8fdfe000,0x00007f2b8feff000)]
=>0x00007f2bac00a800 JavaThread "main" [_thread_in_Java, id=7558, stack(0x00007f2bb4962000,0x00007f2bb4a63000)]

Other Threads:
  0x00007f2bac074000 VMThread [stack: 0x00007f2b8feff000,0x00007f2b90000000] [id=7561]
  0x00007f2bac0bc800 WatcherThread [stack: 0x00007f2b8f65d000,0x00007f2b8f75e000] [id=7568]

VM state:not at safepoint (normal execution)

VM Mutex/Monitor currently owned by a thread: None

Heap:
 PSYoungGen      total 11264K, used 1783K [0x00000000d6600000, 0x00000000d7a00000, 0x0000000100000000)
  eden space 9728K, 18% used [0x00000000d6600000,0x00000000d67bdf90,0x00000000d6f80000)
  from space 1536K, 0% used [0x00000000d7380000,0x00000000d7380000,0x00000000d7500000)
  to   space 4096K, 0% used [0x00000000d6f80000,0x00000000d6f80000,0x00000000d7380000)
 ParOldGen       total 10240K, used 4771K [0x0000000083200000, 0x0000000083c00000, 0x00000000d6600000)
  object space 10240K, 46% used [0x0000000083200000,0x00000000836a8d90,0x0000000083c00000)
 Metaspace       used 7316K, capacity 8180K, committed 8320K, reserved 1056768K
  class space    used 863K, capacity 880K, committed 896K, reserved 1048576K

Card table byte_map: [0x00007f2bb0c5a000,0x00007f2bb1042000] byte_map_base: 0x00007f2bb0841000

Marking Bits: (ParMarkBitMap*) 0x00007f2bb3c59320
 Begin Bits: [0x00007f2b94190000, 0x00007f2b960c8000)
 End Bits:   [0x00007f2b960c8000, 0x00007f2b98000000)

Polling page: 0x00007f2bb4a7e000

CodeCache: size=245760Kb used=2305Kb max_used=2317Kb free=243454Kb
 bounds [0x00007f2b9d000000, 0x00007f2b9d270000, 0x00007f2bac000000]
 total_blobs=780 nmethods=497 adapters=199
 compilation: enabled

Compilation events (10 events):
Event: 0.587 Thread 0x00007f2bac0b7000 nmethod 497 0x00007f2b9d23ced0 code [0x00007f2b9d23d040, 0x00007f2b9d23d290]
Event: 0.587 Thread 0x00007f2bac0b7000  489       3       com.sun.tools.javac.file.BaseFileObject::removeExtension (23 bytes)
Event: 0.587 Thread 0x00007f2bac0b7000 nmethod 489 0x00007f2b9d23d3d0 code [0x00007f2b9d23d560, 0x00007f2b9d23d9f8]
Event: 0.587 Thread 0x00007f2bac0b7000  490       3       com.sun.tools.javac.file.ZipFileIndexArchive$ZipFileIndexFileObject::getKind (11 bytes)
Event: 0.588 Thread 0x00007f2bac0b7000 nmethod 490 0x00007f2b9d23dc10 code [0x00007f2b9d23de60, 0x00007f2b9d23ebf8]
Event: 0.588 Thread 0x00007f2bac0b7000  491       3       com.sun.tools.javac.file.ZipFileIndexArchive$ZipFileIndexFileObject::inferBinaryName (58 bytes)
Event: 0.589 Thread 0x00007f2bac0b7000 nmethod 491 0x00007f2b9d240a50 code [0x00007f2b9d240d00, 0x00007f2b9d242258]
Event: 0.589 Thread 0x00007f2bac0b7000  485       3       com.sun.tools.javac.file.JavacFileManager::getLocation (14 bytes)
Event: 0.589 Thread 0x00007f2bac0b4800 nmethod 493 0x00007f2b9d244ad0 code [0x00007f2b9d244c40, 0x00007f2b9d244f78]
Event: 0.589 Thread 0x00007f2bac0b4800  500       4       com.sun.tools.javac.util.Name$Table::equals (44 bytes)

GC Heap History (10 events):
Event: 0.213 GC heap before
{Heap before GC invocations=3 (full 0):
 PSYoungGen      total 3584K, used 3488K [0x00000000d6600000, 0x00000000d6a00000, 0x0000000100000000)
  eden space 3072K, 97% used [0x00000000d6600000,0x00000000d68f0110,0x00000000d6900000)
  from space 512K, 93% used [0x00000000d6980000,0x00000000d69f8020,0x00000000d6a00000)
  to   space 512K, 0% used [0x00000000d6900000,0x00000000d6900000,0x00000000d6980000)
 ParOldGen       total 5632K, used 24K [0x0000000083200000, 0x0000000083780000, 0x00000000d6600000)
  object space 5632K, 0% used [0x0000000083200000,0x0000000083206000,0x0000000083780000)
 Metaspace       used 4765K, capacity 5964K, committed 6272K, reserved 1056768K
  class space    used 558K, capacity 584K, committed 640K, reserved 1048576K
Event: 0.216 GC heap after
Heap after GC invocations=3 (full 0):
 PSYoungGen      total 3584K, used 495K [0x00000000d6600000, 0x00000000d6d00000, 0x0000000100000000)
  eden space 3072K, 0% used [0x00000000d6600000,0x00000000d6600000,0x00000000d6900000)
  from space 512K, 96% used [0x00000000d6900000,0x00000000d697bc40,0x00000000d6980000)
  to   space 512K, 0% used [0x00000000d6c80000,0x00000000d6c80000,0x00000000d6d00000)
 ParOldGen       total 5632K, used 520K [0x0000000083200000, 0x0000000083780000, 0x00000000d6600000)
  object space 5632K, 9% used [0x0000000083200000,0x0000000083282020,0x0000000083780000)
 Metaspace       used 4765K, capacity 5964K, committed 6272K, reserved 1056768K
  class space    used 558K, capacity 584K, committed 640K, reserved 1048576K
}
Event: 0.264 GC heap before
{Heap before GC invocations=4 (full 0):
 PSYoungGen      total 3584K, used 3567K [0x00000000d6600000, 0x00000000d6d00000, 0x0000000100000000)
  eden space 3072K, 100% used [0x00000000d6600000,0x00000000d6900000,0x00000000d6900000)
  from space 512K, 96% used [0x00000000d6900000,0x00000000d697bc40,0x00000000d6980000)
  to   space 512K, 0% used [0x00000000d6c80000,0x00000000d6c80000,0x00000000d6d00000)
 ParOldGen       total 5632K, used 520K [0x0000000083200000, 0x0000000083780000, 0x00000000d6600000)
  object space 5632K, 9% used [0x0000000083200000,0x0000000083282020,0x0000000083780000)
 Metaspace       used 5597K, capacity 6796K, committed 6912K, reserved 1056768K
  class space    used 681K, capacity 712K, committed 768K, reserved 1048576K
Event: 0.265 GC heap after
Heap after GC invocations=4 (full 0):
 PSYoungGen      total 6656K, used 512K [0x00000000d6600000, 0x00000000d6d00000, 0x0000000100000000)
  eden space 6144K, 0% used [0x00000000d6600000,0x00000000d6600000,0x00000000d6c00000)
  from space 512K, 100% used [0x00000000d6c80000,0x00000000d6d00000,0x00000000d6d00000)
  to   space 512K, 0% used [0x00000000d6c00000,0x00000000d6c00000,0x00000000d6c80000)
 ParOldGen       total 5632K, used 560K [0x0000000083200000, 0x0000000083780000, 0x00000000d6600000)
  object space 5632K, 9% used [0x0000000083200000,0x000000008328c020,0x0000000083780000)
 Metaspace       used 5597K, capacity 6796K, committed 6912K, reserved 1056768K
  class space    used 681K, capacity 712K, committed 768K, reserved 1048576K
}
Event: 0.417 GC heap before
{Heap before GC invocations=5 (full 0):
 PSYoungGen      total 6656K, used 5240K [0x00000000d6600000, 0x00000000d6d00000, 0x0000000100000000)
  eden space 6144K, 76% used [0x00000000d6600000,0x00000000d6a9e068,0x00000000d6c00000)
  from space 512K, 100% used [0x00000000d6c80000,0x00000000d6d00000,0x00000000d6d00000)
  to   space 512K, 0% used [0x00000000d6c00000,0x00000000d6c00000,0x00000000d6c80000)
 ParOldGen       total 5632K, used 560K [0x0000000083200000, 0x0000000083780000, 0x00000000d6600000)
  object space 5632K, 9% used [0x0000000083200000,0x000000008328c020,0x0000000083780000)
 Metaspace       used 7179K, capacity 8116K, committed 8320K, reserved 1056768K
  class space    used 856K, capacity 880K, committed 896K, reserved 1048576K
Event: 0.421 GC heap after
Heap after GC invocations=5 (full 0):
 PSYoungGen      total 6656K, used 512K [0x00000000d6600000, 0x00000000d7500000, 0x0000000100000000)
  eden space 6144K, 0% used [0x00000000d6600000,0x00000000d6600000,0x00000000d6c00000)
  from space 512K, 100% used [0x00000000d6c00000,0x00000000d6c80000,0x00000000d6c80000)
  to   space 1536K, 0% used [0x00000000d7380000,0x00000000d7380000,0x00000000d7500000)
 ParOldGen       total 5632K, used 1193K [0x0000000083200000, 0x0000000083780000, 0x00000000d6600000)
  object space 5632K, 21% used [0x0000000083200000,0x000000008332a5c8,0x0000000083780000)
 Metaspace       used 7179K, capacity 8116K, committed 8320K, reserved 1056768K
  class space    used 856K, capacity 880K, committed 896K, reserved 1048576K
}
Event: 0.480 GC heap before
{Heap before GC invocations=6 (full 0):
 PSYoungGen      total 6656K, used 6655K [0x00000000d6600000, 0x00000000d7500000, 0x0000000100000000)
  eden space 6144K, 99% used [0x00000000d6600000,0x00000000d6bffff0,0x00000000d6c00000)
  from space 512K, 100% used [0x00000000d6c00000,0x00000000d6c80000,0x00000000d6c80000)
  to   space 1536K, 0% used [0x00000000d7380000,0x00000000d7380000,0x00000000d7500000)
 ParOldGen       total 5632K, used 1193K [0x0000000083200000, 0x0000000083780000, 0x00000000d6600000)
  object space 5632K, 21% used [0x0000000083200000,0x000000008332a5c8,0x0000000083780000)
 Metaspace       used 7240K, capacity 8116K, committed 8320K, reserved 1056768K
  class space    used 860K, capacity 880K, committed 896K, reserved 1048576K
Event: 0.505 GC heap after
Heap after GC invocations=6 (full 0):
 PSYoungGen      total 11264K, used 1536K [0x00000000d6600000, 0x00000000d7a00000, 0x0000000100000000)
  eden space 9728K, 0% used [0x00000000d6600000,0x00000000d6600000,0x00000000d6f80000)
  from space 1536K, 100% used [0x00000000d7380000,0x00000000d7500000,0x00000000d7500000)
  to   space 4096K, 0% used [0x00000000d6f80000,0x00000000d6f80000,0x00000000d7380000)
 ParOldGen       total 5632K, used 4770K [0x0000000083200000, 0x0000000083780000, 0x00000000d6600000)
  object space 5632K, 84% used [0x0000000083200000,0x00000000836a88f8,0x0000000083780000)
 Metaspace       used 7240K, capacity 8116K, committed 8320K, reserved 1056768K
  class space    used 860K, capacity 880K, committed 896K, reserved 1048576K
}
Event: 0.506 GC heap before
{Heap before GC invocations=7 (full 1):
 PSYoungGen      total 11264K, used 1536K [0x00000000d6600000, 0x00000000d7a00000, 0x0000000100000000)
  eden space 9728K, 0% used [0x00000000d6600000,0x00000000d6600000,0x00000000d6f80000)
  from space 1536K, 100% used [0x00000000d7380000,0x00000000d7500000,0x00000000d7500000)
  to   space 4096K, 0% used [0x00000000d6f80000,0x00000000d6f80000,0x00000000d7380000)
 ParOldGen       total 5632K, used 4770K [0x0000000083200000, 0x0000000083780000, 0x00000000d6600000)
  object space 5632K, 84% used [0x0000000083200000,0x00000000836a88f8,0x0000000083780000)
 Metaspace       used 7240K, capacity 8116K, committed 8320K, reserved 1056768K
  class space    used 860K, capacity 880K, committed 896K, reserved 1048576K
Event: 0.547 GC heap after
Heap after GC invocations=7 (full 1):
 PSYoungGen      total 11264K, used 0K [0x00000000d6600000, 0x00000000d7a00000, 0x0000000100000000)
  eden space 9728K, 0% used [0x00000000d6600000,0x00000000d6600000,0x00000000d6f80000)
  from space 1536K, 0% used [0x00000000d7380000,0x00000000d7380000,0x00000000d7500000)
  to   space 4096K, 0% used [0x00000000d6f80000,0x00000000d6f80000,0x00000000d7380000)
 ParOldGen       total 10240K, used 4771K [0x0000000083200000, 0x0000000083c00000, 0x00000000d6600000)
  object space 10240K, 46% used [0x0000000083200000,0x00000000836a8d90,0x0000000083c00000)
 Metaspace       used 7240K, capacity 8116K, committed 8320K, reserved 1056768K
  class space    used 860K, capacity 880K, committed 896K, reserved 1048576K
}

Deoptimization events (5 events):
Event: 0.350 Thread 0x00007f2bac00a800 Uncommon trap: reason=unstable_if action=reinterpret pc=0x00007f2b9d17b790 method=java.lang.String.replace(CC)Ljava/lang/String; @ 2
Event: 0.356 Thread 0x00007f2bac00a800 Uncommon trap: reason=class_check action=maybe_recompile pc=0x00007f2b9d1a2ee0 method=sun.misc.URLClassPath.getLoader(I)Lsun/misc/URLClassPath$Loader; @ 94
Event: 0.383 Thread 0x00007f2bac00a800 Uncommon trap: reason=unstable_if action=reinterpret pc=0x00007f2b9d1b6914 method=java.lang.String.<init>([CII)V @ 18
Event: 0.388 Thread 0x00007f2bac00a800 Uncommon trap: reason=unstable_if action=reinterpret pc=0x00007f2b9d1a6dec method=java.util.zip.ZipCoder.encoder()Ljava/nio/charset/CharsetEncoder; @ 4
Event: 0.404 Thread 0x00007f2bac00a800 Uncommon trap: reason=unstable_if action=reinterpret pc=0x00007f2b9d1befb0 method=java.lang.String.indexOf([CII[CIII)I @ 123

Classes redefined (0 events):
No events

Internal exceptions (10 events):
Event: 0.124 Thread 0x00007f2bac00a800 Exception <a 'java/security/PrivilegedActionException'> (0x00000000d6626af8) thrown at [/build/openjdk-8-8u171-b11/src/hotspot/src/share/vm/prims/jvm.cpp, line 1435]
Event: 0.125 Thread 0x00007f2bac00a800 Exception <a 'java/security/PrivilegedActionException'> (0x00000000d6628d68) thrown at [/build/openjdk-8-8u171-b11/src/hotspot/src/share/vm/prims/jvm.cpp, line 1435]
Event: 0.125 Thread 0x00007f2bac00a800 Exception <a 'java/security/PrivilegedActionException'> (0x00000000d6629160) thrown at [/build/openjdk-8-8u171-b11/src/hotspot/src/share/vm/prims/jvm.cpp, line 1435]
Event: 0.125 Thread 0x00007f2bac00a800 Exception <a 'java/security/PrivilegedActionException'> (0x00000000d6629e20) thrown at [/build/openjdk-8-8u171-b11/src/hotspot/src/share/vm/prims/jvm.cpp, line 1435]
Event: 0.125 Thread 0x00007f2bac00a800 Exception <a 'java/security/PrivilegedActionException'> (0x00000000d662a218) thrown at [/build/openjdk-8-8u171-b11/src/hotspot/src/share/vm/prims/jvm.cpp, line 1435]
Event: 0.129 Thread 0x00007f2bac00a800 Exception <a 'java/security/PrivilegedActionException'> (0x00000000d6661b98) thrown at [/build/openjdk-8-8u171-b11/src/hotspot/src/share/vm/prims/jvm.cpp, line 1435]
Event: 0.129 Thread 0x00007f2bac00a800 Exception <a 'java/security/PrivilegedActionException'> (0x00000000d6661f90) thrown at [/build/openjdk-8-8u171-b11/src/hotspot/src/share/vm/prims/jvm.cpp, line 1435]
Event: 0.460 Thread 0x00007f2bac00a800 Exception <a 'java/io/FileNotFoundException'> (0x00000000d6a185d8) thrown at [/build/openjdk-8-8u171-b11/src/hotspot/src/share/vm/prims/jni.cpp, line 709]
Event: 0.461 Thread 0x00007f2bac00a800 Exception <a 'java/io/FileNotFoundException'> (0x00000000d6a5c3d8) thrown at [/build/openjdk-8-8u171-b11/src/hotspot/src/share/vm/prims/jni.cpp, line 709]
Event: 0.461 Thread 0x00007f2bac00a800 Exception <a 'java/io/FileNotFoundException'> (0x00000000d6a5ccd0) thrown at [/build/openjdk-8-8u171-b11/src/hotspot/src/share/vm/prims/jni.cpp, line 709]

Events (10 events):
Event: 0.480 Executing VM operation: ParallelGCFailedAllocation
Event: 0.547 Executing VM operation: ParallelGCFailedAllocation done
Event: 0.548 loading class com/sun/tools/javac/file/ZipFileIndexArchive$ZipFileIndexFileObject
Event: 0.548 loading class com/sun/tools/javac/file/ZipFileIndexArchive$ZipFileIndexFileObject done
Event: 0.564 loading class com/sun/tools/javac/comp/Attr$15
Event: 0.564 loading class com/sun/tools/javac/comp/Attr$15 done
Event: 0.564 loading class com/sun/source/tree/MemberReferenceTree$ReferenceMode
Event: 0.564 loading class com/sun/source/tree/MemberReferenceTree$ReferenceMode done
Event: 0.564 loading class com/sun/tools/javac/util/JCDiagnostic$DiagnosticType
Event: 0.564 loading class com/sun/tools/javac/util/JCDiagnostic$DiagnosticType done


Dynamic libraries:
83200000-83c00000 rw-p 00000000 00:00 0 
83c00000-d6600000 ---p 00000000 00:00 0 
d6600000-d7a00000 rw-p 00000000 00:00 0 
d7a00000-100000000 ---p 00000000 00:00 0 
100000000-1000e0000 rw-p 00000000 00:00 0 
1000e0000-140000000 ---p 00000000 00:00 0 
55bc5e438000-55bc5e439000 r-xp 00000000 09:00 10358411                   /usr/lib/jvm/java-8-openjdk-amd64/bin/javac
55bc5e638000-55bc5e639000 r--p 00000000 09:00 10358411                   /usr/lib/jvm/java-8-openjdk-amd64/bin/javac
55bc5e639000-55bc5e63a000 rw-p 00001000 09:00 10358411                   /usr/lib/jvm/java-8-openjdk-amd64/bin/javac
55bc5f51b000-55bc5f53c000 rw-p 00000000 00:00 0                          [heap]
7f2b68000000-7f2b68021000 rw-p 00000000 00:00 0 
7f2b68021000-7f2b6c000000 ---p 00000000 00:00 0 
7f2b70000000-7f2b7030b000 rw-p 00000000 00:00 0 
7f2b7030b000-7f2b74000000 ---p 00000000 00:00 0 
7f2b74000000-7f2b74021000 rw-p 00000000 00:00 0 
7f2b74021000-7f2b78000000 ---p 00000000 00:00 0 
7f2b78000000-7f2b78021000 rw-p 00000000 00:00 0 
7f2b78021000-7f2b7c000000 ---p 00000000 00:00 0 
7f2b7c000000-7f2b7c2bd000 rw-p 00000000 00:00 0 
7f2b7c2bd000-7f2b80000000 ---p 00000000 00:00 0 
7f2b80000000-7f2b80021000 rw-p 00000000 00:00 0 
7f2b80021000-7f2b84000000 ---p 00000000 00:00 0 
7f2b84000000-7f2b84021000 rw-p 00000000 00:00 0 
7f2b84021000-7f2b88000000 ---p 00000000 00:00 0 
7f2b88000000-7f2b88021000 rw-p 00000000 00:00 0 
7f2b88021000-7f2b8c000000 ---p 00000000 00:00 0 
7f2b8f65d000-7f2b8f65e000 ---p 00000000 00:00 0 
7f2b8f65e000-7f2b8f75e000 rw-p 00000000 00:00 0 
7f2b8f75e000-7f2b8f761000 ---p 00000000 00:00 0 
7f2b8f761000-7f2b8f85f000 rw-p 00000000 00:00 0 
7f2b8f85f000-7f2b8f862000 ---p 00000000 00:00 0 
7f2b8f862000-7f2b8f960000 rw-p 00000000 00:00 0 
7f2b8f960000-7f2b8f963000 ---p 00000000 00:00 0 
7f2b8f963000-7f2b8fa61000 rw-p 00000000 00:00 0 
7f2b8fa61000-7f2b8fa64000 ---p 00000000 00:00 0 
7f2b8fa64000-7f2b8fb62000 rw-p 00000000 00:00 0 
7f2b8fb62000-7f2b8fcfd000 r--p 00000000 09:00 9568548                    /usr/lib/locale/locale-archive
7f2b8fcfd000-7f2b8fd00000 ---p 00000000 00:00 0 
7f2b8fd00000-7f2b8fdfe000 rw-p 00000000 00:00 0 
7f2b8fdfe000-7f2b8fe01000 ---p 00000000 00:00 0 
7f2b8fe01000-7f2b8feff000 rw-p 00000000 00:00 0 
7f2b8feff000-7f2b8ff00000 ---p 00000000 00:00 0 
7f2b8ff00000-7f2b90000000 rw-p 00000000 00:00 0 
7f2b90000000-7f2b90021000 rw-p 00000000 00:00 0 
7f2b90021000-7f2b94000000 ---p 00000000 00:00 0 
7f2b9408f000-7f2b94190000 rw-p 00000000 00:00 0 
7f2b94190000-7f2b98000000 rw-p 00000000 00:00 0 
7f2b98000000-7f2b98021000 rw-p 00000000 00:00 0 
7f2b98021000-7f2b9c000000 ---p 00000000 00:00 0 
7f2b9c049000-7f2b9c0c3000 r--s 010ff000 09:00 10358450                   /usr/lib/jvm/java-8-openjdk-amd64/lib/tools.jar
7f2b9c0c3000-7f2b9c0de000 r--s 00394000 09:00 10355466                   /usr/lib/jvm/java-8-openjdk-amd64/jre/lib/ext/cldrdata.jar
7f2b9c0de000-7f2b9c0f9000 r--s 001d6000 09:00 10355471                   /usr/lib/jvm/java-8-openjdk-amd64/jre/lib/ext/nashorn.jar
7f2b9c0f9000-7f2b9c800000 rw-p 00000000 00:00 0 
7f2b9c800000-7f2b9cf40000 rw-p 00000000 00:00 0 
7f2b9cf40000-7f2b9d000000 ---p 00000000 00:00 0 
7f2b9d000000-7f2b9d270000 rwxp 00000000 00:00 0 
7f2b9d270000-7f2bac000000 ---p 00000000 00:00 0 
7f2bac000000-7f2bac2e5000 rw-p 00000000 00:00 0 
7f2bac2e5000-7f2bb0000000 ---p 00000000 00:00 0 
7f2bb0001000-7f2bb0192000 rw-p 00000000 00:00 0 
7f2bb0192000-7f2bb0361000 r--s 03c2f000 09:00 10355495                   /usr/lib/jvm/java-8-openjdk-amd64/jre/lib/rt.jar
7f2bb0361000-7f2bb03d7000 rw-p 00000000 00:00 0 
7f2bb03d7000-7f2bb07be000 rw-p 00000000 00:00 0 
7f2bb07be000-7f2bb07bf000 ---p 00000000 00:00 0 
7f2bb07bf000-7f2bb08bf000 rw-p 00000000 00:00 0 
7f2bb08bf000-7f2bb08c0000 ---p 00000000 00:00 0 
7f2bb08c0000-7f2bb09c0000 rw-p 00000000 00:00 0 
7f2bb09c0000-7f2bb09c5000 rw-p 00000000 00:00 0 
7f2bb09c5000-7f2bb0c5a000 ---p 00000000 00:00 0 
7f2bb0c5a000-7f2bb0c5f000 rw-p 00000000 00:00 0 
7f2bb0c5f000-7f2bb0ef4000 ---p 00000000 00:00 0 
7f2bb0ef4000-7f2bb0efe000 rw-p 00000000 00:00 0 
7f2bb0efe000-7f2bb1041000 ---p 00000000 00:00 0 
7f2bb1041000-7f2bb104c000 rw-p 00000000 00:00 0 
7f2bb104c000-7f2bb1402000 ---p 00000000 00:00 0 
7f2bb1402000-7f2bb140a000 r-xp 00000000 09:00 10355452                   /usr/lib/jvm/java-8-openjdk-amd64/jre/lib/amd64/libzip.so
7f2bb140a000-7f2bb1609000 ---p 00008000 09:00 10355452                   /usr/lib/jvm/java-8-openjdk-amd64/jre/lib/amd64/libzip.so
7f2bb1609000-7f2bb160a000 r--p 00007000 09:00 10355452                   /usr/lib/jvm/java-8-openjdk-amd64/jre/lib/amd64/libzip.so
7f2bb160a000-7f2bb160b000 rw-p 00008000 09:00 10355452                   /usr/lib/jvm/java-8-openjdk-amd64/jre/lib/amd64/libzip.so
7f2bb160b000-7f2bb1615000 r-xp 00000000 09:00 28049426                   /lib/x86_64-linux-gnu/libnss_files-2.24.so
7f2bb1615000-7f2bb1815000 ---p 0000a000 09:00 28049426                   /lib/x86_64-linux-gnu/libnss_files-2.24.so
7f2bb1815000-7f2bb1816000 r--p 0000a000 09:00 28049426                   /lib/x86_64-linux-gnu/libnss_files-2.24.so
7f2bb1816000-7f2bb1817000 rw-p 0000b000 09:00 28049426                   /lib/x86_64-linux-gnu/libnss_files-2.24.so
7f2bb1817000-7f2bb181d000 rw-p 00000000 00:00 0 
7f2bb181d000-7f2bb1828000 r-xp 00000000 09:00 28049428                   /lib/x86_64-linux-gnu/libnss_nis-2.24.so
7f2bb1828000-7f2bb1a27000 ---p 0000b000 09:00 28049428                   /lib/x86_64-linux-gnu/libnss_nis-2.24.so
7f2bb1a27000-7f2bb1a28000 r--p 0000a000 09:00 28049428                   /lib/x86_64-linux-gnu/libnss_nis-2.24.so
7f2bb1a28000-7f2bb1a29000 rw-p 0000b000 09:00 28049428                   /lib/x86_64-linux-gnu/libnss_nis-2.24.so
7f2bb1a29000-7f2bb1a3d000 r-xp 00000000 09:00 28049423                   /lib/x86_64-linux-gnu/libnsl-2.24.so
7f2bb1a3d000-7f2bb1c3d000 ---p 00014000 09:00 28049423                   /lib/x86_64-linux-gnu/libnsl-2.24.so
7f2bb1c3d000-7f2bb1c3e000 r--p 00014000 09:00 28049423                   /lib/x86_64-linux-gnu/libnsl-2.24.so
7f2bb1c3e000-7f2bb1c3f000 rw-p 00015000 09:00 28049423                   /lib/x86_64-linux-gnu/libnsl-2.24.so
7f2bb1c3f000-7f2bb1c41000 rw-p 00000000 00:00 0 
7f2bb1c41000-7f2bb1c48000 r-xp 00000000 09:00 28049424                   /lib/x86_64-linux-gnu/libnss_compat-2.24.so
7f2bb1c48000-7f2bb1e47000 ---p 00007000 09:00 28049424                   /lib/x86_64-linux-gnu/libnss_compat-2.24.so
7f2bb1e47000-7f2bb1e48000 r--p 00006000 09:00 28049424                   /lib/x86_64-linux-gnu/libnss_compat-2.24.so
7f2bb1e48000-7f2bb1e49000 rw-p 00007000 09:00 28049424                   /lib/x86_64-linux-gnu/libnss_compat-2.24.so
7f2bb1e49000-7f2bb1e76000 r-xp 00000000 09:00 10355433                   /usr/lib/jvm/java-8-openjdk-amd64/jre/lib/amd64/libjava.so
7f2bb1e76000-7f2bb2076000 ---p 0002d000 09:00 10355433                   /usr/lib/jvm/java-8-openjdk-amd64/jre/lib/amd64/libjava.so
7f2bb2076000-7f2bb2077000 r--p 0002d000 09:00 10355433                   /usr/lib/jvm/java-8-openjdk-amd64/jre/lib/amd64/libjava.so
7f2bb2077000-7f2bb2079000 rw-p 0002e000 09:00 10355433                   /usr/lib/jvm/java-8-openjdk-amd64/jre/lib/amd64/libjava.so
7f2bb2079000-7f2bb2088000 r-xp 00000000 09:00 10355451                   /usr/lib/jvm/java-8-openjdk-amd64/jre/lib/amd64/libverify.so
7f2bb2088000-7f2bb2288000 ---p 0000f000 09:00 10355451                   /usr/lib/jvm/java-8-openjdk-amd64/jre/lib/amd64/libverify.so
7f2bb2288000-7f2bb228a000 r--p 0000f000 09:00 10355451                   /usr/lib/jvm/java-8-openjdk-amd64/jre/lib/amd64/libverify.so
7f2bb228a000-7f2bb228b000 rw-p 00011000 09:00 10355451                   /usr/lib/jvm/java-8-openjdk-amd64/jre/lib/amd64/libverify.so
7f2bb228b000-7f2bb2292000 r-xp 00000000 09:00 28049433                   /lib/x86_64-linux-gnu/librt-2.24.so
7f2bb2292000-7f2bb2491000 ---p 00007000 09:00 28049433                   /lib/x86_64-linux-gnu/librt-2.24.so
7f2bb2491000-7f2bb2492000 r--p 00006000 09:00 28049433                   /lib/x86_64-linux-gnu/librt-2.24.so
7f2bb2492000-7f2bb2493000 rw-p 00007000 09:00 28049433                   /lib/x86_64-linux-gnu/librt-2.24.so
7f2bb2493000-7f2bb24a9000 r-xp 00000000 09:00 28049412                   /lib/x86_64-linux-gnu/libgcc_s.so.1
7f2bb24a9000-7f2bb26a8000 ---p 00016000 09:00 28049412                   /lib/x86_64-linux-gnu/libgcc_s.so.1
7f2bb26a8000-7f2bb26a9000 r--p 00015000 09:00 28049412                   /lib/x86_64-linux-gnu/libgcc_s.so.1
7f2bb26a9000-7f2bb26aa000 rw-p 00016000 09:00 28049412                   /lib/x86_64-linux-gnu/libgcc_s.so.1
7f2bb26aa000-7f2bb27ad000 r-xp 00000000 09:00 28049420                   /lib/x86_64-linux-gnu/libm-2.24.so
7f2bb27ad000-7f2bb29ac000 ---p 00103000 09:00 28049420                   /lib/x86_64-linux-gnu/libm-2.24.so
7f2bb29ac000-7f2bb29ad000 r--p 00102000 09:00 28049420                   /lib/x86_64-linux-gnu/libm-2.24.so
7f2bb29ad000-7f2bb29ae000 rw-p 00103000 09:00 28049420                   /lib/x86_64-linux-gnu/libm-2.24.so
7f2bb29ae000-7f2bb2b20000 r-xp 00000000 09:00 9573653                    /usr/lib/x86_64-linux-gnu/libstdc++.so.6.0.22
7f2bb2b20000-7f2bb2d20000 ---p 00172000 09:00 9573653                    /usr/lib/x86_64-linux-gnu/libstdc++.so.6.0.22
7f2bb2d20000-7f2bb2d2a000 r--p 00172000 09:00 9573653                    /usr/lib/x86_64-linux-gnu/libstdc++.so.6.0.22
7f2bb2d2a000-7f2bb2d2c000 rw-p 0017c000 09:00 9573653                    /usr/lib/x86_64-linux-gnu/libstdc++.so.6.0.22
7f2bb2d2c000-7f2bb2d30000 rw-p 00000000 00:00 0 
7f2bb2d30000-7f2bb398a000 r-xp 00000000 09:00 10355455                   /usr/lib/jvm/java-8-openjdk-amd64/jre/lib/amd64/server/libjvm.so
7f2bb398a000-7f2bb3b89000 ---p 00c5a000 09:00 10355455                   /usr/lib/jvm/java-8-openjdk-amd64/jre/lib/amd64/server/libjvm.so
7f2bb3b89000-7f2bb3c1d000 r--p 00c59000 09:00 10355455                   /usr/lib/jvm/java-8-openjdk-amd64/jre/lib/amd64/server/libjvm.so
7f2bb3c1d000-7f2bb3c46000 rw-p 00ced000 09:00 10355455                   /usr/lib/jvm/java-8-openjdk-amd64/jre/lib/amd64/server/libjvm.so
7f2bb3c46000-7f2bb3c76000 rw-p 00000000 00:00 0 
7f2bb3c76000-7f2bb3e0b000 r-xp 00000000 09:00 28049416                   /lib/x86_64-linux-gnu/libc-2.24.so
7f2bb3e0b000-7f2bb400b000 ---p 00195000 09:00 28049416                   /lib/x86_64-linux-gnu/libc-2.24.so
7f2bb400b000-7f2bb400f000 r--p 00195000 09:00 28049416                   /lib/x86_64-linux-gnu/libc-2.24.so
7f2bb400f000-7f2bb4011000 rw-p 00199000 09:00 28049416                   /lib/x86_64-linux-gnu/libc-2.24.so
7f2bb4011000-7f2bb4015000 rw-p 00000000 00:00 0 
7f2bb4015000-7f2bb4018000 r-xp 00000000 09:00 28049419                   /lib/x86_64-linux-gnu/libdl-2.24.so
7f2bb4018000-7f2bb4217000 ---p 00003000 09:00 28049419                   /lib/x86_64-linux-gnu/libdl-2.24.so
7f2bb4217000-7f2bb4218000 r--p 00002000 09:00 28049419                   /lib/x86_64-linux-gnu/libdl-2.24.so
7f2bb4218000-7f2bb4219000 rw-p 00003000 09:00 28049419                   /lib/x86_64-linux-gnu/libdl-2.24.so
7f2bb4219000-7f2bb4226000 r-xp 00000000 09:00 10355419                   /usr/lib/jvm/java-8-openjdk-amd64/jre/lib/amd64/jli/libjli.so
7f2bb4226000-7f2bb4426000 ---p 0000d000 09:00 10355419                   /usr/lib/jvm/java-8-openjdk-amd64/jre/lib/amd64/jli/libjli.so
7f2bb4426000-7f2bb4427000 r--p 0000d000 09:00 10355419                   /usr/lib/jvm/java-8-openjdk-amd64/jre/lib/amd64/jli/libjli.so
7f2bb4427000-7f2bb4428000 rw-p 0000e000 09:00 10355419                   /usr/lib/jvm/java-8-openjdk-amd64/jre/lib/amd64/jli/libjli.so
7f2bb4428000-7f2bb4441000 r-xp 00000000 09:00 28049498                   /lib/x86_64-linux-gnu/libz.so.1.2.8
7f2bb4441000-7f2bb4640000 ---p 00019000 09:00 28049498                   /lib/x86_64-linux-gnu/libz.so.1.2.8
7f2bb4640000-7f2bb4641000 r--p 00018000 09:00 28049498                   /lib/x86_64-linux-gnu/libz.so.1.2.8
7f2bb4641000-7f2bb4642000 rw-p 00019000 09:00 28049498                   /lib/x86_64-linux-gnu/libz.so.1.2.8
7f2bb4642000-7f2bb465a000 r-xp 00000000 09:00 28049431                   /lib/x86_64-linux-gnu/libpthread-2.24.so
7f2bb465a000-7f2bb4859000 ---p 00018000 09:00 28049431                   /lib/x86_64-linux-gnu/libpthread-2.24.so
7f2bb4859000-7f2bb485a000 r--p 00017000 09:00 28049431                   /lib/x86_64-linux-gnu/libpthread-2.24.so
7f2bb485a000-7f2bb485b000 rw-p 00018000 09:00 28049431                   /lib/x86_64-linux-gnu/libpthread-2.24.so
7f2bb485b000-7f2bb485f000 rw-p 00000000 00:00 0 
7f2bb485f000-7f2bb4882000 r-xp 00000000 09:00 28049411                   /lib/x86_64-linux-gnu/ld-2.24.so
7f2bb4888000-7f2bb4889000 r--s 00010000 09:00 10355475                   /usr/lib/jvm/java-8-openjdk-amd64/jre/lib/ext/zipfs.jar
7f2bb4889000-7f2bb488b000 r--s 00001000 09:00 10355467                   /usr/lib/jvm/java-8-openjdk-amd64/jre/lib/ext/dnsns.jar
7f2bb488b000-7f2bb4891000 r--s 0003b000 09:00 10355473                   /usr/lib/jvm/java-8-openjdk-amd64/jre/lib/ext/sunjce_provider.jar
7f2bb4891000-7f2bb4893000 r--s 00008000 09:00 10355472                   /usr/lib/jvm/java-8-openjdk-amd64/jre/lib/ext/sunec.jar
7f2bb4893000-7f2bb4896000 r--s 00038000 09:00 10355474                   /usr/lib/jvm/java-8-openjdk-amd64/jre/lib/ext/sunpkcs11.jar
7f2bb4896000-7f2bb493a000 rw-p 00000000 00:00 0 
7f2bb493a000-7f2bb4962000 rw-p 00000000 00:00 0 
7f2bb4962000-7f2bb4965000 ---p 00000000 00:00 0 
7f2bb4965000-7f2bb4a65000 rw-p 00000000 00:00 0 
7f2bb4a65000-7f2bb4a67000 r--s 00007000 09:00 10098302                   /usr/share/java/java-atk-wrapper.jar
7f2bb4a67000-7f2bb4a6a000 r--s 0000f000 09:00 10355468                   /usr/lib/jvm/java-8-openjdk-amd64/jre/lib/ext/icedtea-sound.jar
7f2bb4a6a000-7f2bb4a6b000 r--s 0000a000 09:00 10355469                   /usr/lib/jvm/java-8-openjdk-amd64/jre/lib/ext/jaccess.jar
7f2bb4a6b000-7f2bb4a75000 r--s 00116000 09:00 10355470                   /usr/lib/jvm/java-8-openjdk-amd64/jre/lib/ext/localedata.jar
7f2bb4a75000-7f2bb4a7d000 rw-s 00000000 08:23 3932162                    /tmp/hsperfdata_cahao/7557
7f2bb4a7d000-7f2bb4a7e000 rw-p 00000000 00:00 0 
7f2bb4a7e000-7f2bb4a7f000 r--p 00000000 00:00 0 
7f2bb4a7f000-7f2bb4a82000 rw-p 00000000 00:00 0 
7f2bb4a82000-7f2bb4a83000 r--p 00023000 09:00 28049411                   /lib/x86_64-linux-gnu/ld-2.24.so
7f2bb4a83000-7f2bb4a84000 rw-p 00024000 09:00 28049411                   /lib/x86_64-linux-gnu/ld-2.24.so
7f2bb4a84000-7f2bb4a85000 rw-p 00000000 00:00 0 
7ffe47b29000-7ffe47b4a000 rw-p 00000000 00:00 0                          [stack]
7ffe47be0000-7ffe47be2000 r--p 00000000 00:00 0                          [vvar]
7ffe47be2000-7ffe47be4000 r-xp 00000000 00:00 0                          [vdso]
ffffffffff600000-ffffffffff601000 r-xp 00000000 00:00 0                  [vsyscall]

VM Arguments:
jvm_args: -Dapplication.home=/usr/lib/jvm/java-8-openjdk-amd64 -Xms8m 
java_command: com.sun.tools.javac.Main Notepad.java
java_class_path (initial): /usr/lib/jvm/java-8-openjdk-amd64/lib/tools.jar:/usr/lib/jvm/java-8-openjdk-amd64/classes
Launcher Type: SUN_STANDARD

Environment Variables:
PATH=/usr/local/node-v8.11.3-linux-x64/bin:/usr/local/bin:/usr/bin:/bin:/usr/local/games:/usr/games
USERNAME=cahao
SHELL=/bin/bash
DISPLAY=:1

Signal Handlers:
SIGSEGV: [libjvm.so+0xa71730], sa_mask[0]=11111111011111111101111111111110, sa_flags=SA_RESTART|SA_SIGINFO
SIGBUS: [libjvm.so+0xa71730], sa_mask[0]=11111111011111111101111111111110, sa_flags=SA_RESTART|SA_SIGINFO
SIGFPE: [libjvm.so+0x8ba250], sa_mask[0]=11111111011111111101111111111110, sa_flags=SA_RESTART|SA_SIGINFO
SIGPIPE: [libjvm.so+0x8ba250], sa_mask[0]=11111111011111111101111111111110, sa_flags=SA_RESTART|SA_SIGINFO
SIGXFSZ: [libjvm.so+0x8ba250], sa_mask[0]=11111111011111111101111111111110, sa_flags=SA_RESTART|SA_SIGINFO
SIGILL: [libjvm.so+0x8ba250], sa_mask[0]=11111111011111111101111111111110, sa_flags=SA_RESTART|SA_SIGINFO
SIGUSR1: SIG_DFL, sa_mask[0]=00000000000000000000000000000000, sa_flags=none
SIGUSR2: [libjvm.so+0x8ba100], sa_mask[0]=00000000000000000000000000000000, sa_flags=SA_RESTART|SA_SIGINFO
SIGHUP: [libjvm.so+0x8ba5b0], sa_mask[0]=11111111011111111101111111111110, sa_flags=SA_RESTART|SA_SIGINFO
SIGINT: [libjvm.so+0x8ba5b0], sa_mask[0]=11111111011111111101111111111110, sa_flags=SA_RESTART|SA_SIGINFO
SIGTERM: [libjvm.so+0x8ba5b0], sa_mask[0]=11111111011111111101111111111110, sa_flags=SA_RESTART|SA_SIGINFO
SIGQUIT: [libjvm.so+0x8ba5b0], sa_mask[0]=11111111011111111101111111111110, sa_flags=SA_RESTART|SA_SIGINFO


---------------  S Y S T E M  ---------------

OS:PRETTY_NAME="Debian GNU/Linux 9 (stretch)"
NAME="Debian GNU/Linux"
VERSION_ID="9"
VERSION="9 (stretch)"
ID=debian
HOME_URL="https://www.debian.org/"
SUPPORT_URL="https://www.debian.org/support"
BUG_REPORT_URL="https://bugs.debian.org/"

uname:Linux 4.9.0-6-amd64 #1 SMP Debian 4.9.88-1+deb9u1 (2018-05-07) x86_64
libc:glibc 2.24 NPTL 2.24 
rlimit: STACK 8192k, CORE 0k, NPROC 31855, NOFILE 4096, AS infinity
load average:0.96 0.77 0.62

/proc/meminfo:
MemTotal:        8178332 kB
MemFree:         3754852 kB
MemAvailable:    5663472 kB
Buffers:          279572 kB
Cached:          1760068 kB
SwapCached:            0 kB
Active:          2174500 kB
Inactive:        1709956 kB
Active(anon):    1324712 kB
Inactive(anon):   661032 kB
Active(file):     849788 kB
Inactive(file):  1048924 kB
Unevictable:           0 kB
Mlocked:               0 kB
SwapTotal:      46872564 kB
SwapFree:       46872564 kB
Dirty:               176 kB
Writeback:             0 kB
AnonPages:       1844840 kB
Mapped:           494032 kB
Shmem:            140940 kB
Slab:             359424 kB
SReclaimable:     314856 kB
SUnreclaim:        44568 kB
KernelStack:        9584 kB
PageTables:        33648 kB
NFS_Unstable:          0 kB
Bounce:                0 kB
WritebackTmp:          0 kB
CommitLimit:    50961728 kB
Committed_AS:    6452092 kB
VmallocTotal:   34359738367 kB
VmallocUsed:           0 kB
VmallocChunk:          0 kB
HardwareCorrupted:     0 kB
AnonHugePages:         0 kB
ShmemHugePages:        0 kB
ShmemPmdMapped:        0 kB
HugePages_Total:       0
HugePages_Free:        0
HugePages_Rsvd:        0
HugePages_Surp:        0
Hugepagesize:       2048 kB
DirectMap4k:      209856 kB
DirectMap2M:     8177664 kB


CPU:total 2 (initial active 2) (2 cores per cpu, 1 threads per core) family 6 model 23 stepping 10, cmov, cx8, fxsr, mmx, sse, sse2, sse3, ssse3, sse4.1, tsc

/proc/cpuinfo:
processor	: 0
vendor_id	: GenuineIntel
cpu family	: 6
model		: 23
model name	: Intel(R) Core(TM)2 Duo CPU     E8400  @ 3.00GHz
stepping	: 10
microcode	: 0xa07
cpu MHz		: 3000.000
cache size	: 6144 KB
physical id	: 0
siblings	: 2
core id		: 0
cpu cores	: 2
apicid		: 0
initial apicid	: 0
fpu		: yes
fpu_exception	: yes
cpuid level	: 13
wp		: yes
flags		: fpu vme de pse tsc msr pae mce cx8 apic sep mtrr pge mca cmov pat pse36 clflush dts acpi mmx fxsr sse sse2 ss ht tm pbe syscall nx lm constant_tsc arch_perfmon pebs bts rep_good nopl aperfmperf eagerfpu pni dtes64 monitor ds_cpl vmx smx est tm2 ssse3 cx16 xtpr pdcm sse4_1 xsave lahf_lm kaiser tpr_shadow vnmi flexpriority dtherm
bugs		: cpu_meltdown spectre_v1 spectre_v2
bogomips	: 6000.03
clflush size	: 64
cache_alignment	: 64
address sizes	: 36 bits physical, 48 bits virtual
power management:

processor	: 1
vendor_id	: GenuineIntel
cpu family	: 6
model		: 23
model name	: Intel(R) Core(TM)2 Duo CPU     E8400  @ 3.00GHz
stepping	: 10
microcode	: 0xa07
cpu MHz		: 3000.000
cache size	: 6144 KB
physical id	: 0
siblings	: 2
core id		: 1
cpu cores	: 2
apicid		: 1
initial apicid	: 1
fpu		: yes
fpu_exception	: yes
cpuid level	: 13
wp		: yes
flags		: fpu vme de pse tsc msr pae mce cx8 apic sep mtrr pge mca cmov pat pse36 clflush dts acpi mmx fxsr sse sse2 ss ht tm pbe syscall nx lm constant_tsc arch_perfmon pebs bts rep_good nopl aperfmperf eagerfpu pni dtes64 monitor ds_cpl vmx smx est tm2 ssse3 cx16 xtpr pdcm sse4_1 xsave lahf_lm kaiser tpr_shadow vnmi flexpriority dtherm
bugs		: cpu_meltdown spectre_v1 spectre_v2
bogomips	: 6000.03
clflush size	: 64
cache_alignment	: 64
address sizes	: 36 bits physical, 48 bits virtual
power management:



Memory: 4k page, physical 8178332k(3754852k free), swap 46872564k(46872564k free)

vm_info: OpenJDK 64-Bit Server VM (25.171-b11) for linux-amd64 JRE (1.8.0_171-8u171-b11-1~deb9u1-b11), built on Apr 27 2018 14:37:13 by "pbuilder" with gcc 6.3.0 20170516

time: Tue Jun 19 01:57:17 2018
elapsed time: 0 seconds (0d 0h 0m 0s)

